1701838664352	geckodriver	INFO	Listening on 127.0.0.1:54209
1701838664854	mozrunner::runner	INFO	Running command: MOZ_CRASHREPORTER="1" MOZ_CRASHREPORTER_NO_REPORT="1" MOZ_CRASHREPORTER_SHUTDOWN="1" MOZ_NO_REMOTE="1" "/usr ... ss" "--remote-debugging-port" "49119" "--remote-allow-hosts" "localhost" "-no-remote" "-profile" "/tmp/rust_mozprofileZwvOyg"
*** You are running in headless mode.
console.warn: services.settings: Ignoring preference override of remote settings server
console.warn: services.settings: Allow by setting MOZ_REMOTE_SETTINGS_DEVTOOLS=1 in the environment
1701838665102	Marionette	INFO	Marionette enabled
1701838665168	Marionette	INFO	Listening on port 37697
WebDriver BiDi listening on ws://127.0.0.1:49119
Read port: 37697
1701838665351	RemoteAgent	WARN	TLS certificate errors will be ignored for this session
[GFX1-]: RenderCompositorSWGL failed mapping default framebuffer, no dt
console.error: ({})
DevTools listening on ws://127.0.0.1:49119/devtools/browser/28c246b5-5a15-4715-9888-f8324560944c
console.error: "update.locale" " file doesn't exist in either the application or GRE directories"
1701838696259	addons.xpi	ERROR	System addon update list error SyntaxError: XMLHttpRequest.open: 'http://%(server)s/dummy-system-addons.xml' is not a valid URL.
1701842830524	Marionette	INFO	Stopped listening on port 37697
!!! error running onStopped callback: TypeError: callback is not a function
Exiting due to channel error.
Exiting due to channel error.
Exiting due to channel error.
